<?xml version="1.0" encoding="UTF-8"?>
<coverage generated="1565781977257" clover="3.2.0">
  <project timestamp="1565781977258" name="All files">
    <metrics statements="9" coveredstatements="6" conditionals="2" coveredconditionals="2" methods="9" coveredmethods="5" elements="20" coveredelements="13" complexity="0" loc="9" ncloc="9" packages="2" files="3" classes="3">
      <package name="components">
        <metrics statements="6" coveredstatements="3" conditionals="2" coveredconditionals="2" methods="7" coveredmethods="3"/>
        <file name="BackArrow.vue" path="C:\Users\Ben\Documents\nevis-v5\src\components\BackArrow.vue">
          <metrics statements="1" coveredstatements="1" conditionals="2" coveredconditionals="2" methods="1" coveredmethods="1"/>
          <line num="27" count="8" type="cond" truecount="2" falsecount="0"/>
        </file>
        <file name="TitleBar.vue" path="C:\Users\Ben\Documents\nevis-v5\src\components\TitleBar.vue">
          <metrics statements="5" coveredstatements="2" conditionals="0" coveredconditionals="0" methods="6" coveredmethods="2"/>
          <line num="33" count="2" type="stmt"/>
          <line num="38" count="2" type="stmt"/>
          <line num="42" count="0" type="stmt"/>
          <line num="43" count="0" type="stmt"/>
          <line num="44" count="0" type="stmt"/>
        </file>
      </package>
      <package name="views">
        <metrics statements="3" coveredstatements="3" conditionals="0" coveredconditionals="0" methods="2" coveredmethods="2"/>
        <file name="About.vue" path="C:\Users\Ben\Documents\nevis-v5\src\views\About.vue">
          <metrics statements="3" coveredstatements="3" conditionals="0" coveredconditionals="0" methods="2" coveredmethods="2"/>
          <line num="38" count="1" type="stmt"/>
          <line num="45" count="2" type="stmt"/>
          <line num="52" count="2" type="stmt"/>
        </file>
      </package>
    </metrics>
  </project>
</coverage>
