{"C:\\Users\\Ben\\Documents\\nevis-v5\\src\\components\\BackArrow.vue": {"path":"C:\\Users\\Ben\\Documents\\nevis-v5\\src\\components\\BackArrow.vue","statementMap":{"0":{"start":{"line":27,"column":0},"end":{"line":null,"column":-1}}},"fnMap":{"0":{"name":"(anonymous_1)","decl":{"start":{"line":26,"column":0},"end":{"line":null,"column":-1}},"loc":{"start":{"line":26,"column":0},"end":{"line":30,"column":0}}}},"branchMap":{"0":{"loc":{"start":{"line":27,"column":0},"end":{"line":null,"column":-1}},"type":"if","locations":[{"start":{"line":27,"column":0},"end":{"line":null,"column":-1}},{"start":{"line":27,"column":0},"end":{"line":null,"column":-1}}]}},"s":{"0":8},"f":{"0":3},"b":{"0":[2,3]}}
,"C:\\Users\\Ben\\Documents\\nevis-v5\\src\\components\\TitleBar.vue": {"path":"C:\\Users\\Ben\\Documents\\nevis-v5\\src\\components\\TitleBar.vue","statementMap":{"0":{"start":{"line":33,"column":0},"end":{"line":null,"column":-1}},"1":{"start":{"line":38,"column":0},"end":{"line":null,"column":-1}},"2":{"start":{"line":42,"column":0},"end":{"line":null,"column":-1}},"3":{"start":{"line":43,"column":0},"end":{"line":null,"column":-1}},"4":{"start":{"line":44,"column":0},"end":{"line":null,"column":-1}}},"fnMap":{"0":{"name":"(anonymous_1)","decl":{"start":{"line":33,"column":0},"end":{"line":null,"column":-1}},"loc":{"start":{"line":33,"column":0},"end":{"line":null,"column":-1}}},"1":{"name":"(anonymous_2)","decl":{"start":{"line":37,"column":0},"end":{"line":null,"column":-1}},"loc":{"start":{"line":37,"column":0},"end":{"line":39,"column":0}}},"2":{"name":"(anonymous_3)","decl":{"start":{"line":38,"column":0},"end":{"line":null,"column":-1}},"loc":{"start":{"line":38,"column":0},"end":{"line":null,"column":-1}}},"3":{"name":"(anonymous_4)","decl":{"start":{"line":42,"column":0},"end":{"line":null,"column":-1}},"loc":{"start":{"line":42,"column":0},"end":{"line":null,"column":-1}}},"4":{"name":"(anonymous_5)","decl":{"start":{"line":43,"column":0},"end":{"line":null,"column":-1}},"loc":{"start":{"line":43,"column":0},"end":{"line":null,"column":-1}}},"5":{"name":"(anonymous_6)","decl":{"start":{"line":44,"column":0},"end":{"line":null,"column":-1}},"loc":{"start":{"line":44,"column":0},"end":{"line":null,"column":-1}}}},"branchMap":{},"s":{"0":2,"1":2,"2":0,"3":0,"4":0},"f":{"0":2,"1":2,"2":0,"3":0,"4":0,"5":0},"b":{}}
,"C:\\Users\\Ben\\Documents\\nevis-v5\\src\\views\\About.vue": {"path":"C:\\Users\\Ben\\Documents\\nevis-v5\\src\\views\\About.vue","statementMap":{"0":{"start":{"line":38,"column":0},"end":{"line":null,"column":-1}},"1":{"start":{"line":45,"column":0},"end":{"line":null,"column":-1}},"2":{"start":{"line":52,"column":0},"end":{"line":null,"column":-1}}},"fnMap":{"0":{"name":"(anonymous_1)","decl":{"start":{"line":45,"column":0},"end":{"line":null,"column":-1}},"loc":{"start":{"line":45,"column":0},"end":{"line":null,"column":-1}}},"1":{"name":"(anonymous_2)","decl":{"start":{"line":52,"column":0},"end":{"line":null,"column":-1}},"loc":{"start":{"line":52,"column":0},"end":{"line":null,"column":-1}}}},"branchMap":{},"s":{"0":1,"1":2,"2":2},"f":{"0":2,"1":2},"b":{}}
}
