TN:
SF:C:\Users\Ben\Documents\nevis-v5\src\components\BackArrow.vue
FN:26,(anonymous_1)
FNF:1
FNH:1
FNDA:3,(anonymous_1)
DA:27,8
LF:1
LH:1
BRDA:27,0,0,2
BRDA:27,0,1,3
BRF:2
BRH:2
end_of_record
TN:
SF:C:\Users\Ben\Documents\nevis-v5\src\components\TitleBar.vue
FN:33,(anonymous_1)
FN:37,(anonymous_2)
FN:38,(anonymous_3)
FN:42,(anonymous_4)
FN:43,(anonymous_5)
FN:44,(anonymous_6)
FNF:6
FNH:2
FNDA:2,(anonymous_1)
FNDA:2,(anonymous_2)
FNDA:0,(anonymous_3)
FNDA:0,(anonymous_4)
FNDA:0,(anonymous_5)
FNDA:0,(anonymous_6)
DA:33,2
DA:38,2
DA:42,0
DA:43,0
DA:44,0
LF:5
LH:2
BRF:0
BRH:0
end_of_record
TN:
SF:C:\Users\Ben\Documents\nevis-v5\src\views\About.vue
FN:45,(anonymous_1)
FN:52,(anonymous_2)
FNF:2
FNH:2
FNDA:2,(anonymous_1)
FNDA:2,(anonymous_2)
DA:38,1
DA:45,2
DA:52,2
LF:3
LH:3
BRF:0
BRH:0
end_of_record
